<?xml version="1.0" encoding="UTF-8"?>
<testsuite xmlns:xsi="http://www.w3.org/2001/XMLSchema-instance" xsi:noNamespaceSchemaLocation="https://maven.apache.org/surefire/maven-surefire-plugin/xsd/surefire-test-report-3.0.xsd" version="3.0" name="TestSuite" time="147.528" tests="3" errors="0" skipped="0" failures="2">
  <properties>
    <property name="java.specification.version" value="15"/>
    <property name="webdriver.chrome.driver" value="/Users/gopi/.cache/selenium/chromedriver/mac64/91.0.4472.101/chromedriver"/>
    <property name="sun.jnu.encoding" value="UTF-8"/>
    <property name="java.class.path" value="/Users/gopi/Desktop/Automation Folder/okc_web_automation_selenium/target/test-classes:/Users/gopi/Desktop/Automation Folder/okc_web_automation_selenium/target/classes:/Users/gopi/.m2/repository/org/seleniumhq/selenium/selenium-java/4.0.0-beta-3/selenium-java-4.0.0-beta-3.jar:/Users/gopi/.m2/repository/org/seleniumhq/selenium/selenium-api/4.0.0-beta-3/selenium-api-4.0.0-beta-3.jar:/Users/gopi/.m2/repository/org/seleniumhq/selenium/selenium-chrome-driver/4.0.0-beta-3/selenium-chrome-driver-4.0.0-beta-3.jar:/Users/gopi/.m2/repository/com/google/auto/service/auto-service-annotations/1.0-rc7/auto-service-annotations-1.0-rc7.jar:/Users/gopi/.m2/repository/com/google/auto/service/auto-service/1.0-rc7/auto-service-1.0-rc7.jar:/Users/gopi/.m2/repository/com/google/auto/auto-common/0.10/auto-common-0.10.jar:/Users/gopi/.m2/repository/org/seleniumhq/selenium/selenium-chromium-driver/4.0.0-beta-3/selenium-chromium-driver-4.0.0-beta-3.jar:/Users/gopi/.m2/repository/org/seleniumhq/selenium/selenium-devtools/4.0.0-beta-3/selenium-devtools-4.0.0-beta-3.jar:/Users/gopi/.m2/repository/org/seleniumhq/selenium/selenium-http/4.0.0-beta-3/selenium-http-4.0.0-beta-3.jar:/Users/gopi/.m2/repository/org/seleniumhq/selenium/selenium-json/4.0.0-beta-3/selenium-json-4.0.0-beta-3.jar:/Users/gopi/.m2/repository/org/seleniumhq/selenium/selenium-devtools-v85/4.0.0-beta-3/selenium-devtools-v85-4.0.0-beta-3.jar:/Users/gopi/.m2/repository/org/seleniumhq/selenium/selenium-devtools-v88/4.0.0-beta-3/selenium-devtools-v88-4.0.0-beta-3.jar:/Users/gopi/.m2/repository/org/seleniumhq/selenium/selenium-devtools-v89/4.0.0-beta-3/selenium-devtools-v89-4.0.0-beta-3.jar:/Users/gopi/.m2/repository/org/seleniumhq/selenium/selenium-devtools-v90/4.0.0-beta-3/selenium-devtools-v90-4.0.0-beta-3.jar:/Users/gopi/.m2/repository/org/seleniumhq/selenium/selenium-devtools-v91/4.0.0-beta-3/selenium-devtools-v91-4.0.0-beta-3.jar:/Users/gopi/.m2/repository/org/seleniumhq/selenium/selenium-edge-driver/4.0.0-beta-3/selenium-edge-driver-4.0.0-beta-3.jar:/Users/gopi/.m2/repository/org/seleniumhq/selenium/selenium-firefox-driver/4.0.0-beta-3/selenium-firefox-driver-4.0.0-beta-3.jar:/Users/gopi/.m2/repository/org/seleniumhq/selenium/selenium-firefox-xpi-driver/4.0.0-beta-3/selenium-firefox-xpi-driver-4.0.0-beta-3.jar:/Users/gopi/.m2/repository/org/seleniumhq/selenium/selenium-ie-driver/4.0.0-beta-3/selenium-ie-driver-4.0.0-beta-3.jar:/Users/gopi/.m2/repository/org/seleniumhq/selenium/selenium-opera-driver/4.0.0-beta-3/selenium-opera-driver-4.0.0-beta-3.jar:/Users/gopi/.m2/repository/org/seleniumhq/selenium/selenium-remote-driver/4.0.0-beta-3/selenium-remote-driver-4.0.0-beta-3.jar:/Users/gopi/.m2/repository/io/netty/netty-buffer/4.1.58.Final/netty-buffer-4.1.58.Final.jar:/Users/gopi/.m2/repository/io/netty/netty-codec-http/4.1.58.Final/netty-codec-http-4.1.58.Final.jar:/Users/gopi/.m2/repository/io/netty/netty-codec/4.1.58.Final/netty-codec-4.1.58.Final.jar:/Users/gopi/.m2/repository/io/netty/netty-handler/4.1.58.Final/netty-handler-4.1.58.Final.jar:/Users/gopi/.m2/repository/io/netty/netty-common/4.1.58.Final/netty-common-4.1.58.Final.jar:/Users/gopi/.m2/repository/io/netty/netty-transport-native-epoll/4.1.58.Final/netty-transport-native-epoll-4.1.58.Final.jar:/Users/gopi/.m2/repository/io/netty/netty-transport-native-kqueue/4.1.58.Final/netty-transport-native-kqueue-4.1.58.Final.jar:/Users/gopi/.m2/repository/io/netty/netty-transport-native-unix-common/4.1.58.Final/netty-transport-native-unix-common-4.1.58.Final.jar:/Users/gopi/.m2/repository/io/netty/netty-transport/4.1.58.Final/netty-transport-4.1.58.Final.jar:/Users/gopi/.m2/repository/io/netty/netty-resolver/4.1.58.Final/netty-resolver-4.1.58.Final.jar:/Users/gopi/.m2/repository/io/opentelemetry/opentelemetry-api/1.0.0/opentelemetry-api-1.0.0.jar:/Users/gopi/.m2/repository/io/opentelemetry/opentelemetry-context/1.0.0/opentelemetry-context-1.0.0.jar:/Users/gopi/.m2/repository/io/opentelemetry/opentelemetry-exporter-logging/1.0.0/opentelemetry-exporter-logging-1.0.0.jar:/Users/gopi/.m2/repository/io/opentelemetry/opentelemetry-sdk-metrics/1.0.0-alpha/opentelemetry-sdk-metrics-1.0.0-alpha.jar:/Users/gopi/.m2/repository/io/opentelemetry/opentelemetry-sdk-common/1.0.0/opentelemetry-sdk-common-1.0.0.jar:/Users/gopi/.m2/repository/io/opentelemetry/opentelemetry-sdk-extension-autoconfigure/1.0.0-alpha/opentelemetry-sdk-extension-autoconfigure-1.0.0-alpha.jar:/Users/gopi/.m2/repository/io/opentelemetry/opentelemetry-sdk-trace/1.0.0/opentelemetry-sdk-trace-1.0.0.jar:/Users/gopi/.m2/repository/io/opentelemetry/opentelemetry-api-metrics/1.0.0-alpha/opentelemetry-api-metrics-1.0.0-alpha.jar:/Users/gopi/.m2/repository/io/opentelemetry/opentelemetry-sdk/1.0.0/opentelemetry-sdk-1.0.0.jar:/Users/gopi/.m2/repository/io/opentelemetry/opentelemetry-semconv/1.0.0-alpha/opentelemetry-semconv-1.0.0-alpha.jar:/Users/gopi/.m2/repository/net/bytebuddy/byte-buddy/1.10.19/byte-buddy-1.10.19.jar:/Users/gopi/.m2/repository/org/apache/commons/commons-exec/1.3/commons-exec-1.3.jar:/Users/gopi/.m2/repository/org/asynchttpclient/async-http-client/2.12.2/async-http-client-2.12.2.jar:/Users/gopi/.m2/repository/org/asynchttpclient/async-http-client-netty-utils/2.12.2/async-http-client-netty-utils-2.12.2.jar:/Users/gopi/.m2/repository/io/netty/netty-codec-socks/4.1.53.Final/netty-codec-socks-4.1.53.Final.jar:/Users/gopi/.m2/repository/io/netty/netty-handler-proxy/4.1.53.Final/netty-handler-proxy-4.1.53.Final.jar:/Users/gopi/.m2/repository/io/netty/netty-transport-native-epoll/4.1.53.Final/netty-transport-native-epoll-4.1.53.Final-linux-x86_64.jar:/Users/gopi/.m2/repository/io/netty/netty-transport-native-kqueue/4.1.53.Final/netty-transport-native-kqueue-4.1.53.Final-osx-x86_64.jar:/Users/gopi/.m2/repository/org/reactivestreams/reactive-streams/1.0.3/reactive-streams-1.0.3.jar:/Users/gopi/.m2/repository/com/typesafe/netty/netty-reactive-streams/2.0.4/netty-reactive-streams-2.0.4.jar:/Users/gopi/.m2/repository/com/sun/activation/jakarta.activation/1.2.2/jakarta.activation-1.2.2.jar:/Users/gopi/.m2/repository/org/seleniumhq/selenium/selenium-safari-driver/4.0.0-beta-3/selenium-safari-driver-4.0.0-beta-3.jar:/Users/gopi/.m2/repository/org/seleniumhq/selenium/selenium-support/4.0.0-beta-3/selenium-support-4.0.0-beta-3.jar:/Users/gopi/.m2/repository/org/seleniumhq/selenium/selenium-server/4.0.0-alpha-2/selenium-server-4.0.0-alpha-2.jar:/Users/gopi/.m2/repository/org/seleniumhq/selenium/grid/4.0.0-alpha-2/grid-4.0.0-alpha-2.jar:/Users/gopi/.m2/repository/org/seleniumhq/selenium/selenium-edgehtml-driver/4.0.0-alpha-2/selenium-edgehtml-driver-4.0.0-alpha-2.jar:/Users/gopi/.m2/repository/org/seleniumhq/selenium/jetty-repacked/9.4.12.v20180830.1/jetty-repacked-9.4.12.v20180830.1.jar:/Users/gopi/.m2/repository/javax/servlet/javax.servlet-api/3.1.0/javax.servlet-api-3.1.0.jar:/Users/gopi/.m2/repository/org/zeromq/jeromq/0.5.1/jeromq-0.5.1.jar:/Users/gopi/.m2/repository/eu/neilalexander/jnacl/1.0.0/jnacl-1.0.0.jar:/Users/gopi/.m2/repository/net/jcip/jcip-annotations/1.0/jcip-annotations-1.0.jar:/Users/gopi/.m2/repository/org/yaml/snakeyaml/1.24/snakeyaml-1.24.jar:/Users/gopi/.m2/repository/org/testng/testng/7.4.0/testng-7.4.0.jar:/Users/gopi/.m2/repository/com/beust/jcommander/1.78/jcommander-1.78.jar:/Users/gopi/.m2/repository/org/webjars/jquery/3.5.1/jquery-3.5.1.jar:/Users/gopi/.m2/repository/org/assertj/assertj-core/3.19.0/assertj-core-3.19.0.jar:/Users/gopi/.m2/repository/com/github/javafaker/javafaker/1.0.2/javafaker-1.0.2.jar:/Users/gopi/.m2/repository/org/apache/commons/commons-lang3/3.5/commons-lang3-3.5.jar:/Users/gopi/.m2/repository/org/yaml/snakeyaml/1.23/snakeyaml-1.23-android.jar:/Users/gopi/.m2/repository/com/github/mifmif/generex/1.0.2/generex-1.0.2.jar:/Users/gopi/.m2/repository/dk/brics/automaton/automaton/1.11-8/automaton-1.11-8.jar:/Users/gopi/.m2/repository/org/apache/logging/log4j/log4j-api/2.14.1/log4j-api-2.14.1.jar:/Users/gopi/.m2/repository/org/apache/logging/log4j/log4j-core/2.14.1/log4j-core-2.14.1.jar:/Users/gopi/.m2/repository/org/apache/logging/log4j/log4j-slf4j-impl/2.14.1/log4j-slf4j-impl-2.14.1.jar:/Users/gopi/.m2/repository/org/slf4j/slf4j-api/1.7.25/slf4j-api-1.7.25.jar:/Users/gopi/.m2/repository/org/aeonbits/owner/owner/1.0.12/owner-1.0.12.jar:/Users/gopi/.m2/repository/io/github/bonigarcia/webdrivermanager/4.4.3/webdrivermanager-4.4.3.jar:/Users/gopi/.m2/repository/commons-io/commons-io/2.8.0/commons-io-2.8.0.jar:/Users/gopi/.m2/repository/com/google/code/gson/gson/2.8.6/gson-2.8.6.jar:/Users/gopi/.m2/repository/org/apache/httpcomponents/client5/httpclient5/5.0.3/httpclient5-5.0.3.jar:/Users/gopi/.m2/repository/org/apache/httpcomponents/core5/httpcore5/5.0.2/httpcore5-5.0.2.jar:/Users/gopi/.m2/repository/org/apache/httpcomponents/core5/httpcore5-h2/5.0.2/httpcore5-h2-5.0.2.jar:/Users/gopi/.m2/repository/commons-codec/commons-codec/1.13/commons-codec-1.13.jar:/Users/gopi/.m2/repository/org/rauschig/jarchivelib/1.1.0/jarchivelib-1.1.0.jar:/Users/gopi/.m2/repository/org/apache/commons/commons-compress/1.20/commons-compress-1.20.jar:/Users/gopi/.m2/repository/org/jsoup/jsoup/1.13.1/jsoup-1.13.1.jar:/Users/gopi/.m2/repository/io/qameta/allure/allure-testng/2.14.0/allure-testng-2.14.0.jar:/Users/gopi/.m2/repository/io/qameta/allure/allure-java-commons/2.14.0/allure-java-commons-2.14.0.jar:/Users/gopi/.m2/repository/io/qameta/allure/allure-model/2.14.0/allure-model-2.14.0.jar:/Users/gopi/.m2/repository/com/fasterxml/jackson/core/jackson-databind/2.12.3/jackson-databind-2.12.3.jar:/Users/gopi/.m2/repository/com/fasterxml/jackson/core/jackson-annotations/2.12.3/jackson-annotations-2.12.3.jar:/Users/gopi/.m2/repository/com/fasterxml/jackson/core/jackson-core/2.12.3/jackson-core-2.12.3.jar:/Users/gopi/.m2/repository/org/apache/tika/tika-core/1.26/tika-core-1.26.jar:/Users/gopi/.m2/repository/javax/xml/bind/jaxb-api/2.3.1/jaxb-api-2.3.1.jar:/Users/gopi/.m2/repository/javax/activation/javax.activation-api/1.2.0/javax.activation-api-1.2.0.jar:/Users/gopi/.m2/repository/javax/activation/activation/1.1.1/activation-1.1.1.jar:/Users/gopi/.m2/repository/org/jooq/joor-java-8/0.9.14/joor-java-8-0.9.14.jar:/Users/gopi/.m2/repository/io/qameta/allure/allure-test-filter/2.14.0/allure-test-filter-2.14.0.jar:/Users/gopi/.m2/repository/io/qameta/allure/allure-attachments/2.14.0/allure-attachments-2.14.0.jar:/Users/gopi/.m2/repository/org/freemarker/freemarker/2.3.31/freemarker-2.3.31.jar:/Users/gopi/.m2/repository/com/github/automatedowl/allure-environment-writer/1.0.0/allure-environment-writer-1.0.0.jar:/Users/gopi/.m2/repository/com/google/guava/guava/27.0-jre/guava-27.0-jre.jar:/Users/gopi/.m2/repository/com/google/guava/failureaccess/1.0/failureaccess-1.0.jar:/Users/gopi/.m2/repository/com/google/guava/listenablefuture/9999.0-empty-to-avoid-conflict-with-guava/listenablefuture-9999.0-empty-to-avoid-conflict-with-guava.jar:/Users/gopi/.m2/repository/com/google/code/findbugs/jsr305/3.0.2/jsr305-3.0.2.jar:/Users/gopi/.m2/repository/org/checkerframework/checker-qual/2.5.2/checker-qual-2.5.2.jar:/Users/gopi/.m2/repository/com/google/errorprone/error_prone_annotations/2.2.0/error_prone_annotations-2.2.0.jar:/Users/gopi/.m2/repository/com/google/j2objc/j2objc-annotations/1.1/j2objc-annotations-1.1.jar:/Users/gopi/.m2/repository/org/codehaus/mojo/animal-sniffer-annotations/1.17/animal-sniffer-annotations-1.17.jar:"/>
    <property name="java.vm.vendor" value="Oracle Corporation"/>
    <property name="sun.arch.data.model" value="64"/>
    <property name="java.vendor.url" value="https://java.oracle.com/"/>
    <property name="user.timezone" value="Asia/Kolkata"/>
    <property name="os.name" value="Mac OS X"/>
    <property name="java.vm.specification.version" value="15"/>
    <property name="sun.java.launcher" value="SUN_STANDARD"/>
    <property name="user.country" value="IN"/>
    <property name="sun.boot.library.path" value="/Users/gopi/Desktop/Eclipse.app/Contents/Eclipse/plugins/org.eclipse.justj.openjdk.hotspot.jre.full.macosx.x86_64_15.0.1.v20201027-0507/jre/lib"/>
    <property name="sun.java.command" value="/Users/gopi/Desktop/Automation Folder/okc_web_automation_selenium/target/surefire/surefirebooter1777726890438460170.jar /Users/gopi/Desktop/Automation Folder/okc_web_automation_selenium/target/surefire 2021-07-08T11-40-31_531-jvmRun1 surefire563255800437942437tmp surefire_017588373335640593595tmp"/>
    <property name="http.nonProxyHosts" value="local, 169.254/16|*.local, 169.254/16"/>
    <property name="jdk.debug" value="release"/>
    <property name="surefire.test.class.path" value="/Users/gopi/Desktop/Automation Folder/okc_web_automation_selenium/target/test-classes:/Users/gopi/Desktop/Automation Folder/okc_web_automation_selenium/target/classes:/Users/gopi/.m2/repository/org/seleniumhq/selenium/selenium-java/4.0.0-beta-3/selenium-java-4.0.0-beta-3.jar:/Users/gopi/.m2/repository/org/seleniumhq/selenium/selenium-api/4.0.0-beta-3/selenium-api-4.0.0-beta-3.jar:/Users/gopi/.m2/repository/org/seleniumhq/selenium/selenium-chrome-driver/4.0.0-beta-3/selenium-chrome-driver-4.0.0-beta-3.jar:/Users/gopi/.m2/repository/com/google/auto/service/auto-service-annotations/1.0-rc7/auto-service-annotations-1.0-rc7.jar:/Users/gopi/.m2/repository/com/google/auto/service/auto-service/1.0-rc7/auto-service-1.0-rc7.jar:/Users/gopi/.m2/repository/com/google/auto/auto-common/0.10/auto-common-0.10.jar:/Users/gopi/.m2/repository/org/seleniumhq/selenium/selenium-chromium-driver/4.0.0-beta-3/selenium-chromium-driver-4.0.0-beta-3.jar:/Users/gopi/.m2/repository/org/seleniumhq/selenium/selenium-devtools/4.0.0-beta-3/selenium-devtools-4.0.0-beta-3.jar:/Users/gopi/.m2/repository/org/seleniumhq/selenium/selenium-http/4.0.0-beta-3/selenium-http-4.0.0-beta-3.jar:/Users/gopi/.m2/repository/org/seleniumhq/selenium/selenium-json/4.0.0-beta-3/selenium-json-4.0.0-beta-3.jar:/Users/gopi/.m2/repository/org/seleniumhq/selenium/selenium-devtools-v85/4.0.0-beta-3/selenium-devtools-v85-4.0.0-beta-3.jar:/Users/gopi/.m2/repository/org/seleniumhq/selenium/selenium-devtools-v88/4.0.0-beta-3/selenium-devtools-v88-4.0.0-beta-3.jar:/Users/gopi/.m2/repository/org/seleniumhq/selenium/selenium-devtools-v89/4.0.0-beta-3/selenium-devtools-v89-4.0.0-beta-3.jar:/Users/gopi/.m2/repository/org/seleniumhq/selenium/selenium-devtools-v90/4.0.0-beta-3/selenium-devtools-v90-4.0.0-beta-3.jar:/Users/gopi/.m2/repository/org/seleniumhq/selenium/selenium-devtools-v91/4.0.0-beta-3/selenium-devtools-v91-4.0.0-beta-3.jar:/Users/gopi/.m2/repository/org/seleniumhq/selenium/selenium-edge-driver/4.0.0-beta-3/selenium-edge-driver-4.0.0-beta-3.jar:/Users/gopi/.m2/repository/org/seleniumhq/selenium/selenium-firefox-driver/4.0.0-beta-3/selenium-firefox-driver-4.0.0-beta-3.jar:/Users/gopi/.m2/repository/org/seleniumhq/selenium/selenium-firefox-xpi-driver/4.0.0-beta-3/selenium-firefox-xpi-driver-4.0.0-beta-3.jar:/Users/gopi/.m2/repository/org/seleniumhq/selenium/selenium-ie-driver/4.0.0-beta-3/selenium-ie-driver-4.0.0-beta-3.jar:/Users/gopi/.m2/repository/org/seleniumhq/selenium/selenium-opera-driver/4.0.0-beta-3/selenium-opera-driver-4.0.0-beta-3.jar:/Users/gopi/.m2/repository/org/seleniumhq/selenium/selenium-remote-driver/4.0.0-beta-3/selenium-remote-driver-4.0.0-beta-3.jar:/Users/gopi/.m2/repository/io/netty/netty-buffer/4.1.58.Final/netty-buffer-4.1.58.Final.jar:/Users/gopi/.m2/repository/io/netty/netty-codec-http/4.1.58.Final/netty-codec-http-4.1.58.Final.jar:/Users/gopi/.m2/repository/io/netty/netty-codec/4.1.58.Final/netty-codec-4.1.58.Final.jar:/Users/gopi/.m2/repository/io/netty/netty-handler/4.1.58.Final/netty-handler-4.1.58.Final.jar:/Users/gopi/.m2/repository/io/netty/netty-common/4.1.58.Final/netty-common-4.1.58.Final.jar:/Users/gopi/.m2/repository/io/netty/netty-transport-native-epoll/4.1.58.Final/netty-transport-native-epoll-4.1.58.Final.jar:/Users/gopi/.m2/repository/io/netty/netty-transport-native-kqueue/4.1.58.Final/netty-transport-native-kqueue-4.1.58.Final.jar:/Users/gopi/.m2/repository/io/netty/netty-transport-native-unix-common/4.1.58.Final/netty-transport-native-unix-common-4.1.58.Final.jar:/Users/gopi/.m2/repository/io/netty/netty-transport/4.1.58.Final/netty-transport-4.1.58.Final.jar:/Users/gopi/.m2/repository/io/netty/netty-resolver/4.1.58.Final/netty-resolver-4.1.58.Final.jar:/Users/gopi/.m2/repository/io/opentelemetry/opentelemetry-api/1.0.0/opentelemetry-api-1.0.0.jar:/Users/gopi/.m2/repository/io/opentelemetry/opentelemetry-context/1.0.0/opentelemetry-context-1.0.0.jar:/Users/gopi/.m2/repository/io/opentelemetry/opentelemetry-exporter-logging/1.0.0/opentelemetry-exporter-logging-1.0.0.jar:/Users/gopi/.m2/repository/io/opentelemetry/opentelemetry-sdk-metrics/1.0.0-alpha/opentelemetry-sdk-metrics-1.0.0-alpha.jar:/Users/gopi/.m2/repository/io/opentelemetry/opentelemetry-sdk-common/1.0.0/opentelemetry-sdk-common-1.0.0.jar:/Users/gopi/.m2/repository/io/opentelemetry/opentelemetry-sdk-extension-autoconfigure/1.0.0-alpha/opentelemetry-sdk-extension-autoconfigure-1.0.0-alpha.jar:/Users/gopi/.m2/repository/io/opentelemetry/opentelemetry-sdk-trace/1.0.0/opentelemetry-sdk-trace-1.0.0.jar:/Users/gopi/.m2/repository/io/opentelemetry/opentelemetry-api-metrics/1.0.0-alpha/opentelemetry-api-metrics-1.0.0-alpha.jar:/Users/gopi/.m2/repository/io/opentelemetry/opentelemetry-sdk/1.0.0/opentelemetry-sdk-1.0.0.jar:/Users/gopi/.m2/repository/io/opentelemetry/opentelemetry-semconv/1.0.0-alpha/opentelemetry-semconv-1.0.0-alpha.jar:/Users/gopi/.m2/repository/net/bytebuddy/byte-buddy/1.10.19/byte-buddy-1.10.19.jar:/Users/gopi/.m2/repository/org/apache/commons/commons-exec/1.3/commons-exec-1.3.jar:/Users/gopi/.m2/repository/org/asynchttpclient/async-http-client/2.12.2/async-http-client-2.12.2.jar:/Users/gopi/.m2/repository/org/asynchttpclient/async-http-client-netty-utils/2.12.2/async-http-client-netty-utils-2.12.2.jar:/Users/gopi/.m2/repository/io/netty/netty-codec-socks/4.1.53.Final/netty-codec-socks-4.1.53.Final.jar:/Users/gopi/.m2/repository/io/netty/netty-handler-proxy/4.1.53.Final/netty-handler-proxy-4.1.53.Final.jar:/Users/gopi/.m2/repository/io/netty/netty-transport-native-epoll/4.1.53.Final/netty-transport-native-epoll-4.1.53.Final-linux-x86_64.jar:/Users/gopi/.m2/repository/io/netty/netty-transport-native-kqueue/4.1.53.Final/netty-transport-native-kqueue-4.1.53.Final-osx-x86_64.jar:/Users/gopi/.m2/repository/org/reactivestreams/reactive-streams/1.0.3/reactive-streams-1.0.3.jar:/Users/gopi/.m2/repository/com/typesafe/netty/netty-reactive-streams/2.0.4/netty-reactive-streams-2.0.4.jar:/Users/gopi/.m2/repository/com/sun/activation/jakarta.activation/1.2.2/jakarta.activation-1.2.2.jar:/Users/gopi/.m2/repository/org/seleniumhq/selenium/selenium-safari-driver/4.0.0-beta-3/selenium-safari-driver-4.0.0-beta-3.jar:/Users/gopi/.m2/repository/org/seleniumhq/selenium/selenium-support/4.0.0-beta-3/selenium-support-4.0.0-beta-3.jar:/Users/gopi/.m2/repository/org/seleniumhq/selenium/selenium-server/4.0.0-alpha-2/selenium-server-4.0.0-alpha-2.jar:/Users/gopi/.m2/repository/org/seleniumhq/selenium/grid/4.0.0-alpha-2/grid-4.0.0-alpha-2.jar:/Users/gopi/.m2/repository/org/seleniumhq/selenium/selenium-edgehtml-driver/4.0.0-alpha-2/selenium-edgehtml-driver-4.0.0-alpha-2.jar:/Users/gopi/.m2/repository/org/seleniumhq/selenium/jetty-repacked/9.4.12.v20180830.1/jetty-repacked-9.4.12.v20180830.1.jar:/Users/gopi/.m2/repository/javax/servlet/javax.servlet-api/3.1.0/javax.servlet-api-3.1.0.jar:/Users/gopi/.m2/repository/org/zeromq/jeromq/0.5.1/jeromq-0.5.1.jar:/Users/gopi/.m2/repository/eu/neilalexander/jnacl/1.0.0/jnacl-1.0.0.jar:/Users/gopi/.m2/repository/net/jcip/jcip-annotations/1.0/jcip-annotations-1.0.jar:/Users/gopi/.m2/repository/org/yaml/snakeyaml/1.24/snakeyaml-1.24.jar:/Users/gopi/.m2/repository/org/testng/testng/7.4.0/testng-7.4.0.jar:/Users/gopi/.m2/repository/com/beust/jcommander/1.78/jcommander-1.78.jar:/Users/gopi/.m2/repository/org/webjars/jquery/3.5.1/jquery-3.5.1.jar:/Users/gopi/.m2/repository/org/assertj/assertj-core/3.19.0/assertj-core-3.19.0.jar:/Users/gopi/.m2/repository/com/github/javafaker/javafaker/1.0.2/javafaker-1.0.2.jar:/Users/gopi/.m2/repository/org/apache/commons/commons-lang3/3.5/commons-lang3-3.5.jar:/Users/gopi/.m2/repository/org/yaml/snakeyaml/1.23/snakeyaml-1.23-android.jar:/Users/gopi/.m2/repository/com/github/mifmif/generex/1.0.2/generex-1.0.2.jar:/Users/gopi/.m2/repository/dk/brics/automaton/automaton/1.11-8/automaton-1.11-8.jar:/Users/gopi/.m2/repository/org/apache/logging/log4j/log4j-api/2.14.1/log4j-api-2.14.1.jar:/Users/gopi/.m2/repository/org/apache/logging/log4j/log4j-core/2.14.1/log4j-core-2.14.1.jar:/Users/gopi/.m2/repository/org/apache/logging/log4j/log4j-slf4j-impl/2.14.1/log4j-slf4j-impl-2.14.1.jar:/Users/gopi/.m2/repository/org/slf4j/slf4j-api/1.7.25/slf4j-api-1.7.25.jar:/Users/gopi/.m2/repository/org/aeonbits/owner/owner/1.0.12/owner-1.0.12.jar:/Users/gopi/.m2/repository/io/github/bonigarcia/webdrivermanager/4.4.3/webdrivermanager-4.4.3.jar:/Users/gopi/.m2/repository/commons-io/commons-io/2.8.0/commons-io-2.8.0.jar:/Users/gopi/.m2/repository/com/google/code/gson/gson/2.8.6/gson-2.8.6.jar:/Users/gopi/.m2/repository/org/apache/httpcomponents/client5/httpclient5/5.0.3/httpclient5-5.0.3.jar:/Users/gopi/.m2/repository/org/apache/httpcomponents/core5/httpcore5/5.0.2/httpcore5-5.0.2.jar:/Users/gopi/.m2/repository/org/apache/httpcomponents/core5/httpcore5-h2/5.0.2/httpcore5-h2-5.0.2.jar:/Users/gopi/.m2/repository/commons-codec/commons-codec/1.13/commons-codec-1.13.jar:/Users/gopi/.m2/repository/org/rauschig/jarchivelib/1.1.0/jarchivelib-1.1.0.jar:/Users/gopi/.m2/repository/org/apache/commons/commons-compress/1.20/commons-compress-1.20.jar:/Users/gopi/.m2/repository/org/jsoup/jsoup/1.13.1/jsoup-1.13.1.jar:/Users/gopi/.m2/repository/io/qameta/allure/allure-testng/2.14.0/allure-testng-2.14.0.jar:/Users/gopi/.m2/repository/io/qameta/allure/allure-java-commons/2.14.0/allure-java-commons-2.14.0.jar:/Users/gopi/.m2/repository/io/qameta/allure/allure-model/2.14.0/allure-model-2.14.0.jar:/Users/gopi/.m2/repository/com/fasterxml/jackson/core/jackson-databind/2.12.3/jackson-databind-2.12.3.jar:/Users/gopi/.m2/repository/com/fasterxml/jackson/core/jackson-annotations/2.12.3/jackson-annotations-2.12.3.jar:/Users/gopi/.m2/repository/com/fasterxml/jackson/core/jackson-core/2.12.3/jackson-core-2.12.3.jar:/Users/gopi/.m2/repository/org/apache/tika/tika-core/1.26/tika-core-1.26.jar:/Users/gopi/.m2/repository/javax/xml/bind/jaxb-api/2.3.1/jaxb-api-2.3.1.jar:/Users/gopi/.m2/repository/javax/activation/javax.activation-api/1.2.0/javax.activation-api-1.2.0.jar:/Users/gopi/.m2/repository/javax/activation/activation/1.1.1/activation-1.1.1.jar:/Users/gopi/.m2/repository/org/jooq/joor-java-8/0.9.14/joor-java-8-0.9.14.jar:/Users/gopi/.m2/repository/io/qameta/allure/allure-test-filter/2.14.0/allure-test-filter-2.14.0.jar:/Users/gopi/.m2/repository/io/qameta/allure/allure-attachments/2.14.0/allure-attachments-2.14.0.jar:/Users/gopi/.m2/repository/org/freemarker/freemarker/2.3.31/freemarker-2.3.31.jar:/Users/gopi/.m2/repository/com/github/automatedowl/allure-environment-writer/1.0.0/allure-environment-writer-1.0.0.jar:/Users/gopi/.m2/repository/com/google/guava/guava/27.0-jre/guava-27.0-jre.jar:/Users/gopi/.m2/repository/com/google/guava/failureaccess/1.0/failureaccess-1.0.jar:/Users/gopi/.m2/repository/com/google/guava/listenablefuture/9999.0-empty-to-avoid-conflict-with-guava/listenablefuture-9999.0-empty-to-avoid-conflict-with-guava.jar:/Users/gopi/.m2/repository/com/google/code/findbugs/jsr305/3.0.2/jsr305-3.0.2.jar:/Users/gopi/.m2/repository/org/checkerframework/checker-qual/2.5.2/checker-qual-2.5.2.jar:/Users/gopi/.m2/repository/com/google/errorprone/error_prone_annotations/2.2.0/error_prone_annotations-2.2.0.jar:/Users/gopi/.m2/repository/com/google/j2objc/j2objc-annotations/1.1/j2objc-annotations-1.1.jar:/Users/gopi/.m2/repository/org/codehaus/mojo/animal-sniffer-annotations/1.17/animal-sniffer-annotations-1.17.jar:"/>
    <property name="allure.results.directory" value="target/allure-results"/>
    <property name="sun.cpu.endian" value="little"/>
    <property name="user.home" value="/Users/gopi"/>
    <property name="user.language" value="en"/>
    <property name="java.specification.vendor" value="Oracle Corporation"/>
    <property name="java.version.date" value="2020-10-20"/>
    <property name="java.home" value="/Users/gopi/Desktop/Eclipse.app/Contents/Eclipse/plugins/org.eclipse.justj.openjdk.hotspot.jre.full.macosx.x86_64_15.0.1.v20201027-0507/jre"/>
    <property name="file.separator" value="/"/>
    <property name="basedir" value="/Users/gopi/Desktop/Automation Folder/okc_web_automation_selenium"/>
    <property name="java.vm.compressedOopsMode" value="Zero based"/>
    <property name="line.separator" value="&#10;"/>
    <property name="java.vm.specification.vendor" value="Oracle Corporation"/>
    <property name="java.specification.name" value="Java Platform API Specification"/>
    <property name="surefire.real.class.path" value="/Users/gopi/Desktop/Automation Folder/okc_web_automation_selenium/target/surefire/surefirebooter1777726890438460170.jar"/>
    <property name="sun.management.compiler" value="HotSpot 64-Bit Tiered Compilers"/>
    <property name="ftp.nonProxyHosts" value="local, 169.254/16|*.local, 169.254/16"/>
    <property name="java.runtime.version" value="15.0.1+9-18"/>
    <property name="user.name" value="gopi"/>
    <property name="path.separator" value=":"/>
    <property name="os.version" value="10.14.5"/>
    <property name="java.runtime.name" value="OpenJDK Runtime Environment"/>
    <property name="file.encoding" value="UTF-8"/>
    <property name="sun.nio.ch.bugLevel" value=""/>
    <property name="java.vm.name" value="OpenJDK 64-Bit Server VM"/>
    <property name="localRepository" value="/Users/gopi/.m2/repository"/>
    <property name="java.vendor.url.bug" value="https://bugreport.java.com/bugreport/"/>
    <property name="java.io.tmpdir" value="/var/folders/ps/b9yy5_0905zb5hgtbwqvtbhc0000gn/T/"/>
    <property name="java.version" value="15.0.1"/>
    <property name="user.dir" value="/Users/gopi/Desktop/Automation Folder/okc_web_automation_selenium"/>
    <property name="os.arch" value="x86_64"/>
    <property name="java.vm.specification.name" value="Java Virtual Machine Specification"/>
    <property name="java.library.path" value="/Users/gopi/Library/Java/Extensions:/Library/Java/Extensions:/Network/Library/Java/Extensions:/System/Library/Java/Extensions:/usr/lib/java:."/>
    <property name="java.vm.info" value="mixed mode"/>
    <property name="java.vendor" value="Oracle Corporation"/>
    <property name="java.vm.version" value="15.0.1+9-18"/>
    <property name="sun.io.unicode.encoding" value="UnicodeBig"/>
    <property name="socksNonProxyHosts" value="local, 169.254/16|*.local, 169.254/16"/>
    <property name="java.class.version" value="59.0"/>
  </properties>
  <testcase name="login_to_okc" classname="com.okcredit.test.LoginTest" time="40.368">
    <system-out><![CDATA[Allure environment data saved.
[INFO ] 2021-07-08 11:40:39.684 [main] WebDriverManager - Using chromedriver 91.0.4472.101 (resolved driver for Chrome 91)
[INFO ] 2021-07-08 11:40:39.714 [main] WebDriverManager - Exporting webdriver.chrome.driver as /Users/gopi/.cache/selenium/chromedriver/mac64/91.0.4472.101/chromedriver
[INFO ] 2021-07-08 11:40:50.236 [main] LoginDataFactory - Login(mobile=(19) 91732-2365)
]]></system-out>
    <system-err><![CDATA[Starting ChromeDriver 91.0.4472.101 (af52a90bf87030dd1523486a1cd3ae25c5d76c9b-refs/branch-heads/4472@{#1462}) on port 45671
Only local connections are allowed.
Please see https://chromedriver.chromium.org/security-considerations for suggestions on keeping ChromeDriver safe.
ChromeDriver was started successfully.
Jul 08, 2021 11:40:42 AM org.openqa.selenium.remote.ProtocolHandshake createSession
INFO: Detected dialect: W3C
Jul 08, 2021 11:40:42 AM org.openqa.selenium.devtools.CdpVersionFinder findNearestMatch
INFO: Found exact CDP implementation for version 91
]]></system-err>
  </testcase>
  <testcase name="addCustomer_withoutmobile" classname="com.okcredit.test.AddCustomerTest" time="40.672">
    <failure message="Expected condition failed: waiting for element to be clickable: Proxy element for: AjaxElementLocator &apos;By.xpath: //span[normalize-space()=&apos;Add Customer&apos;]&apos; (tried for 30 second(s) with 500 milliseconds interval)" type="org.openqa.selenium.TimeoutException"><![CDATA[org.openqa.selenium.TimeoutException: Expected condition failed: waiting for element to be clickable: Proxy element for: AjaxElementLocator 'By.xpath: //span[normalize-space()='Add Customer']' (tried for 30 second(s) with 500 milliseconds interval)
	at com.okcredit.test.AddCustomerTest.addCustomer_withoutmobile(AddCustomerTest.java:21)
Caused by: org.openqa.selenium.NoSuchElementException: Timed out after 3 seconds. Unable to locate the element
	at com.okcredit.test.AddCustomerTest.addCustomer_withoutmobile(AddCustomerTest.java:21)
Caused by: org.openqa.selenium.NoSuchElementException: 
no such element: Unable to locate element: {"method":"xpath","selector":"//span[normalize-space()='Add Customer']"}
  (Session info: chrome=91.0.4472.114)
For documentation on this error, please visit: https://selenium.dev/exceptions/#no_such_element
Build info: version: '4.0.0-beta-3', revision: '5d108f9a67'
System info: host: 'Gopis-MacBook-Pro.local', ip: '2402:3a80:cda:e184:f3:a14c:fd2b:763f%en0', os.name: 'Mac OS X', os.arch: 'x86_64', os.version: '10.14.5', java.version: '15.0.1'
Driver info: org.openqa.selenium.chrome.ChromeDriver
Command: [3471508db62a350128cbef57d35f269d, findElement {using=xpath, value=//span[normalize-space()='Add Customer']}]
Capabilities {acceptInsecureCerts: false, browserName: chrome, browserVersion: 91.0.4472.114, chrome: {chromedriverVersion: 91.0.4472.101 (af52a90bf870..., userDataDir: /var/folders/ps/b9yy5_0905z...}, goog:chromeOptions: {debuggerAddress: localhost:51263}, javascriptEnabled: true, networkConnectionEnabled: false, pageLoadStrategy: normal, platform: MAC, platformName: MAC, proxy: Proxy(), se:cdp: ws://localhost:51263/devtoo..., se:cdpVersion: 91.0.4472.114, setWindowRect: true, strictFileInteractability: false, timeouts: {implicit: 0, pageLoad: 300000, script: 30000}, unhandledPromptBehavior: dismiss and notify, webauthn:extension:largeBlob: true, webauthn:virtualAuthenticators: true}
Session ID: 3471508db62a350128cbef57d35f269d
	at com.okcredit.test.AddCustomerTest.addCustomer_withoutmobile(AddCustomerTest.java:21)
]]></failure>
    <system-out><![CDATA[[ERROR] 2021-07-08 11:41:25.364 [AsyncHttpClient-1-4] WebSocketHandler - Cannot invoke "io.netty.channel.Channel.attr(io.netty.util.AttributeKey)" because "channel" is null
java.lang.NullPointerException: Cannot invoke "io.netty.channel.Channel.attr(io.netty.util.AttributeKey)" because "channel" is null
	at org.asynchttpclient.netty.channel.Channels.getAttribute(Channels.java:31) ~[async-http-client-2.12.2.jar:?]
	at org.asynchttpclient.netty.request.NettyRequestSender.abort(NettyRequestSender.java:467) ~[async-http-client-2.12.2.jar:?]
	at org.asynchttpclient.netty.handler.AsyncHttpClientHandler.exceptionCaught(AsyncHttpClientHandler.java:201) [async-http-client-2.12.2.jar:?]
	at io.netty.channel.AbstractChannelHandlerContext.invokeExceptionCaught(AbstractChannelHandlerContext.java:302) [netty-transport-4.1.58.Final.jar:4.1.58.Final]
	at io.netty.channel.AbstractChannelHandlerContext.invokeExceptionCaught(AbstractChannelHandlerContext.java:281) [netty-transport-4.1.58.Final.jar:4.1.58.Final]
	at io.netty.channel.AbstractChannelHandlerContext.fireExceptionCaught(AbstractChannelHandlerContext.java:273) [netty-transport-4.1.58.Final.jar:4.1.58.Final]
	at io.netty.channel.DefaultChannelPipeline$HeadContext.exceptionCaught(DefaultChannelPipeline.java:1377) [netty-transport-4.1.58.Final.jar:4.1.58.Final]
	at io.netty.channel.AbstractChannelHandlerContext.invokeExceptionCaught(AbstractChannelHandlerContext.java:302) [netty-transport-4.1.58.Final.jar:4.1.58.Final]
	at io.netty.channel.AbstractChannelHandlerContext.invokeExceptionCaught(AbstractChannelHandlerContext.java:281) [netty-transport-4.1.58.Final.jar:4.1.58.Final]
	at io.netty.channel.DefaultChannelPipeline.fireExceptionCaught(DefaultChannelPipeline.java:907) [netty-transport-4.1.58.Final.jar:4.1.58.Final]
	at io.netty.channel.nio.AbstractNioByteChannel$NioByteUnsafe.handleReadException(AbstractNioByteChannel.java:125) [netty-transport-4.1.58.Final.jar:4.1.58.Final]
	at io.netty.channel.nio.AbstractNioByteChannel$NioByteUnsafe.read(AbstractNioByteChannel.java:177) [netty-transport-4.1.58.Final.jar:4.1.58.Final]
	at io.netty.channel.nio.NioEventLoop.processSelectedKey(NioEventLoop.java:719) [netty-transport-4.1.58.Final.jar:4.1.58.Final]
	at io.netty.channel.nio.NioEventLoop.processSelectedKeysOptimized(NioEventLoop.java:655) [netty-transport-4.1.58.Final.jar:4.1.58.Final]
	at io.netty.channel.nio.NioEventLoop.processSelectedKeys(NioEventLoop.java:581) [netty-transport-4.1.58.Final.jar:4.1.58.Final]
	at io.netty.channel.nio.NioEventLoop.run(NioEventLoop.java:493) [netty-transport-4.1.58.Final.jar:4.1.58.Final]
	at io.netty.util.concurrent.SingleThreadEventExecutor$4.run(SingleThreadEventExecutor.java:989) [netty-common-4.1.58.Final.jar:4.1.58.Final]
	at io.netty.util.internal.ThreadExecutorMap$2.run(ThreadExecutorMap.java:74) [netty-common-4.1.58.Final.jar:4.1.58.Final]
	at io.netty.util.concurrent.FastThreadLocalRunnable.run(FastThreadLocalRunnable.java:30) [netty-common-4.1.58.Final.jar:4.1.58.Final]
	at java.lang.Thread.run(Thread.java:832) [?:?]
[INFO ] 2021-07-08 11:41:25.490 [main] WebDriverManager - Using chromedriver 91.0.4472.101 (resolved driver for Chrome 91)
[INFO ] 2021-07-08 11:41:25.494 [main] WebDriverManager - Exporting webdriver.chrome.driver as /Users/gopi/.cache/selenium/chromedriver/mac64/91.0.4472.101/chromedriver
[ERROR] 2021-07-08 11:42:09.642 [main] TestListener - com.okcredit.test.AddCustomerTest
[ERROR] 2021-07-08 11:42:09.643 [main] TestListener - org.openqa.selenium.TimeoutException: Expected condition failed: waiting for element to be clickable: Proxy element for: AjaxElementLocator 'By.xpath: //span[normalize-space()='Add Customer']' (tried for 30 second(s) with 500 milliseconds interval)
]]></system-out>
    <system-err><![CDATA[Starting ChromeDriver 91.0.4472.101 (af52a90bf87030dd1523486a1cd3ae25c5d76c9b-refs/branch-heads/4472@{#1462}) on port 3682
Only local connections are allowed.
Please see https://chromedriver.chromium.org/security-considerations for suggestions on keeping ChromeDriver safe.
ChromeDriver was started successfully.
Jul 08, 2021 11:41:26 AM org.openqa.selenium.remote.ProtocolHandshake createSession
INFO: Detected dialect: W3C
Jul 08, 2021 11:41:26 AM org.openqa.selenium.devtools.CdpVersionFinder findNearestMatch
INFO: Found exact CDP implementation for version 91
]]></system-err>
  </testcase>
  <testcase name="addsupplier" classname="com.okcredit.test.AddSupplierTest" time="40.74">
    <failure message="Expected condition failed: waiting for element to be clickable: Proxy element for: AjaxElementLocator &apos;By.xpath: //button[normalize-space()=&apos;Supplier&apos;]&apos; (tried for 30 second(s) with 500 milliseconds interval)" type="org.openqa.selenium.TimeoutException"><![CDATA[org.openqa.selenium.TimeoutException: Expected condition failed: waiting for element to be clickable: Proxy element for: AjaxElementLocator 'By.xpath: //button[normalize-space()='Supplier']' (tried for 30 second(s) with 500 milliseconds interval)
	at com.okcredit.test.AddSupplierTest.addsupplier(AddSupplierTest.java:23)
Caused by: org.openqa.selenium.NoSuchElementException: Timed out after 3 seconds. Unable to locate the element
	at com.okcredit.test.AddSupplierTest.addsupplier(AddSupplierTest.java:23)
Caused by: org.openqa.selenium.NoSuchElementException: 
no such element: Unable to locate element: {"method":"xpath","selector":"//button[normalize-space()='Supplier']"}
  (Session info: chrome=91.0.4472.114)
For documentation on this error, please visit: https://selenium.dev/exceptions/#no_such_element
Build info: version: '4.0.0-beta-3', revision: '5d108f9a67'
System info: host: 'Gopis-MacBook-Pro.local', ip: '2402:3a80:cda:e184:f3:a14c:fd2b:763f%en0', os.name: 'Mac OS X', os.arch: 'x86_64', os.version: '10.14.5', java.version: '15.0.1'
Driver info: org.openqa.selenium.chrome.ChromeDriver
Command: [9fff574c0338fc2695e6cd24ea71df8d, findElement {using=xpath, value=//button[normalize-space()='Supplier']}]
Capabilities {acceptInsecureCerts: false, browserName: chrome, browserVersion: 91.0.4472.114, chrome: {chromedriverVersion: 91.0.4472.101 (af52a90bf870..., userDataDir: /var/folders/ps/b9yy5_0905z...}, goog:chromeOptions: {debuggerAddress: localhost:51296}, javascriptEnabled: true, networkConnectionEnabled: false, pageLoadStrategy: normal, platform: MAC, platformName: MAC, proxy: Proxy(), se:cdp: ws://localhost:51296/devtoo..., se:cdpVersion: 91.0.4472.114, setWindowRect: true, strictFileInteractability: false, timeouts: {implicit: 0, pageLoad: 300000, script: 30000}, unhandledPromptBehavior: dismiss and notify, webauthn:extension:largeBlob: true, webauthn:virtualAuthenticators: true}
Session ID: 9fff574c0338fc2695e6cd24ea71df8d
	at com.okcredit.test.AddSupplierTest.addsupplier(AddSupplierTest.java:23)
]]></failure>
    <system-out><![CDATA[[INFO ] 2021-07-08 11:42:10.067 [main] WebDriverManager - Using chromedriver 91.0.4472.101 (resolved driver for Chrome 91)
[INFO ] 2021-07-08 11:42:10.069 [main] WebDriverManager - Exporting webdriver.chrome.driver as /Users/gopi/.cache/selenium/chromedriver/mac64/91.0.4472.101/chromedriver
[ERROR] 2021-07-08 11:42:54.387 [main] TestListener - com.okcredit.test.AddSupplierTest
[ERROR] 2021-07-08 11:42:54.388 [main] TestListener - org.openqa.selenium.TimeoutException: Expected condition failed: waiting for element to be clickable: Proxy element for: AjaxElementLocator 'By.xpath: //button[normalize-space()='Supplier']' (tried for 30 second(s) with 500 milliseconds interval)
]]></system-out>
    <system-err><![CDATA[Starting ChromeDriver 91.0.4472.101 (af52a90bf87030dd1523486a1cd3ae25c5d76c9b-refs/branch-heads/4472@{#1462}) on port 19653
Only local connections are allowed.
Please see https://chromedriver.chromium.org/security-considerations for suggestions on keeping ChromeDriver safe.
ChromeDriver was started successfully.
Jul 08, 2021 11:42:11 AM org.openqa.selenium.remote.ProtocolHandshake createSession
INFO: Detected dialect: W3C
Jul 08, 2021 11:42:11 AM org.openqa.selenium.devtools.CdpVersionFinder findNearestMatch
INFO: Found exact CDP implementation for version 91
]]></system-err>
  </testcase>
</testsuite>