<?xml version="1.0" encoding="UTF-8"?>
<!-- Generated by org.testng.reporters.JUnitReportReporter -->
<testsuite hostname="Dracarys" failures="0" tests="1" name="com.eliasnogueira.test.BookRoomWebTest" time="10.921" errors="0" timestamp="2021-05-25T02:41:00 IST" skipped="0">
  <testcase classname="com.eliasnogueira.test.BookRoomWebTest" name="bookARoom" time="10.921"/>
  <system-out/>
</testsuite> <!-- com.eliasnogueira.test.BookRoomWebTest -->
