<?xml version="1.0" encoding="UTF-8"?>
<!-- Generated by org.testng.reporters.JUnitReportReporter -->
<testsuite hostname="Dracarys.local" failures="0" tests="1" name="com.okcredit.test.LoginTest" time="29.062" errors="0" timestamp="2021-07-08T19:28:34 IST" skipped="0">
  <testcase classname="com.okcredit.test.LoginTest" name="login_to_okc" time="29.062"/>
  <system-out/>
</testsuite> <!-- com.okcredit.test.LoginTest -->
