<?xml version="1.0" encoding="UTF-8"?>
<!-- Generated by org.testng.reporters.JUnitReportReporter -->
<testsuite hostname="Dracarys" failures="0" tests="1" name="com.okcredit.test.BookRoomWebTest" time="19.712" errors="0" timestamp="2021-05-25T20:39:22 IST" skipped="0">
  <testcase classname="com.okcredit.test.BookRoomWebTest" name="bookARoom" time="19.712"/>
  <system-out/>
</testsuite> <!-- com.okcredit.test.BookRoomWebTest -->
